<?xml version="1.0" encoding="UTF-8"?>
<!-- Generated by org.testng.reporters.JUnitXMLReporter -->
<testsuite hostname="DESKTOP-VE66TCA" ignored="2" name="Test" tests="2" failures="0" timestamp="2020-05-30T20:34:51 EDT" time="0.041" errors="0">
  <testcase name="test2" time="0.005" classname="com.class03.GroupsDemo"/>
  <testcase name="test4" time="0.001" classname="com.class03.GroupsDemo"/>
  <testcase name="test1" time="0.0" classname="com.class03.GroupsDemo">
    <ignored/>
  </testcase> <!-- test1 -->
  <testcase name="test3" time="0.0" classname="com.class03.GroupsDemo">
    <ignored/>
  </testcase> <!-- test3 -->
</testsuite> <!-- Test -->
