<?xml version="1.0" encoding="UTF-8"?>
<!-- Generated by org.testng.reporters.JUnitXMLReporter -->
<testsuite hostname="DESKTOP-VE66TCA" ignored="0" name="Test class02" tests="5" failures="0" timestamp="2020-05-30T19:16:53 EDT" time="33.55" errors="0">
  <testcase name="logoValidation" time="0.041" classname="com.class02.AssertionDemo"/>
  <testcase name="titleValidation" time="0.009" classname="com.class02.AssertionDemo"/>
  <testcase name="invalidLogin" time="0.318" classname="com.class02.HW"/>
  <testcase name="validLogin2" time="2.208" classname="com.class02.HW"/>
  <testcase name="logoAndWelcomeValidation" time="2.253" classname="com.class02.SoftAssertionDemo"/>
</testsuite> <!-- Test class02 -->
