<?xml version="1.0" encoding="UTF-8"?>
<!-- Generated by org.testng.reporters.JUnitXMLReporter -->
<testsuite hostname="DESKTOP-VE66TCA" ignored="0" name="Test test" tests="4" failures="1" timestamp="2020-05-30T19:16:20 EDT" time="29.178" errors="0">
  <testcase name="addEmployeePage" time="5.444" classname="com.test.AddEmployeeTest"/>
  <testcase name="emptyUsernameLogin" time="0.307" classname="com.test.LoginTest"/>
  <testcase name="invalidPasswordLogin" time="1.147" classname="com.test.LoginTest"/>
  <testcase name="validAdminLogin" time="2.225" classname="com.test.LoginTest">
    <failure type="java.lang.IllegalMonitorStateException">
      <![CDATA[java.lang.IllegalMonitorStateException
at java.lang.Object.wait(Native Method)
at com.test.LoginTest.validAdminLogin(LoginTest.java:30)
at java.util.ArrayList.forEach(Unknown Source)
... Removed 27 stack frames]]>
    </failure>
  </testcase> <!-- validAdminLogin -->
</testsuite> <!-- Test test -->
