<?xml version="1.0" encoding="UTF-8"?>
<!-- Generated by org.testng.reporters.JUnitXMLReporter -->
<testsuite hostname="DESKTOP-VE66TCA" ignored="0" name="Test class 01" tests="9" failures="0" timestamp="2020-05-30T19:36:51 EDT" time="19.414" errors="0">
  <testcase name="test" time="0.005" classname="com.class01.DifferentAnnotations"/>
  <testcase name="test1" time="0.0" classname="com.class01.Task2"/>
  <testcase name="test2" time="0.001" classname="com.class01.Task2"/>
  <testcase name="testOne" time="0.001" classname="com.class01.TestNGDemo"/>
  <testcase name="testThree" time="0.001" classname="com.class01.TestNGDemo"/>
  <testcase name="testTwo" time="0.001" classname="com.class01.TestNGDemo"/>
  <testcase name="logoValidation" time="0.077" classname="com.class01.TitleLogoAndLoginTest"/>
  <testcase name="titleValidation" time="0.012" classname="com.class01.TitleLogoAndLoginTest"/>
  <testcase name="validLogin" time="4.127" classname="com.class01.TitleLogoAndLoginTest"/>
</testsuite> <!-- Test class 01 -->
