<?xml version="1.0" encoding="UTF-8"?>
<!-- Generated by org.testng.reporters.JUnitXMLReporter -->
<testsuite hostname="DESKTOP-VE66TCA" ignored="0" name="Test" tests="4" failures="0" timestamp="2020-06-01T23:35:20 EDT" time="29.517" errors="0">
  <testcase name="addEmployeePage" time="5.107" classname="com.test.AddEmployeeTest"/>
  <testcase name="emptyUsernameLogin" time="0.25" classname="com.test.LoginTest"/>
  <testcase name="invalidPasswordLogin" time="0.994" classname="com.test.LoginTest"/>
  <testcase name="validAdminLogin" time="3.018" classname="com.test.LoginTest"/>
</testsuite> <!-- Test -->
