<?xml version="1.0" encoding="UTF-8"?>
<!-- Generated by org.testng.reporters.JUnitXMLReporter -->
<testsuite hostname="DESKTOP-VE66TCA" ignored="0" name="Listener Test" tests="2" failures="1" timestamp="2020-05-31T20:28:02 EDT" time="0.057" errors="0">
  <testcase name="test1" time="0.014" classname="com.class04.ListenerDemo"/>
  <testcase name="test2" time="0.001" classname="com.class04.ListenerDemo">
    <failure type="java.lang.AssertionError">
      <![CDATA[java.lang.AssertionError
at org.junit.Assert.fail(Assert.java:86)
at org.junit.Assert.assertTrue(Assert.java:41)
at org.junit.Assert.assertTrue(Assert.java:52)
at com.class04.ListenerDemo.test2(ListenerDemo.java:17)
at java.util.ArrayList.forEach(Unknown Source)
... Removed 27 stack frames]]>
    </failure>
  </testcase> <!-- test2 -->
</testsuite> <!-- Listener Test -->
