<?xml version="1.0" encoding="UTF-8"?>
<testng-results skipped="0" failed="0" ignored="0" total="2" passed="2">
  <reporter-output>
  </reporter-output>
  <suite name="Default suite" duration-ms="17339" started-at="2020-05-20T20:06:31 EDT" finished-at="2020-05-20T20:06:48 EDT">
    <groups>
    </groups>
    <test name="Default test" duration-ms="17339" started-at="2020-05-20T20:06:31 EDT" finished-at="2020-05-20T20:06:48 EDT">
      <class name="com.class02.HW">
        <test-method status="PASS" signature="openBrowserAndNavigate()[pri:0, instance:com.class02.HW@50b494a6]" name="openBrowserAndNavigate" is-config="true" duration-ms="6934" started-at="2020-05-20T20:06:31 EDT" finished-at="2020-05-20T20:06:38 EDT">
          <reporter-output>
          </reporter-output>
        </test-method> <!-- openBrowserAndNavigate -->
        <test-method status="PASS" signature="invalidLogin()[pri:3, instance:com.class02.HW@50b494a6]" name="invalidLogin" duration-ms="410" started-at="2020-05-20T20:06:38 EDT" finished-at="2020-05-20T20:06:38 EDT">
          <reporter-output>
          </reporter-output>
        </test-method> <!-- invalidLogin -->
        <test-method status="PASS" signature="quitBrowser()[pri:0, instance:com.class02.HW@50b494a6]" name="quitBrowser" is-config="true" duration-ms="637" started-at="2020-05-20T20:06:38 EDT" finished-at="2020-05-20T20:06:39 EDT">
          <reporter-output>
          </reporter-output>
        </test-method> <!-- quitBrowser -->
        <test-method status="PASS" signature="openBrowserAndNavigate()[pri:0, instance:com.class02.HW@50b494a6]" name="openBrowserAndNavigate" is-config="true" duration-ms="6305" started-at="2020-05-20T20:06:39 EDT" finished-at="2020-05-20T20:06:45 EDT">
          <reporter-output>
          </reporter-output>
        </test-method> <!-- openBrowserAndNavigate -->
        <test-method status="PASS" signature="validLogin2()[pri:2, instance:com.class02.HW@50b494a6]" name="validLogin2" duration-ms="2374" started-at="2020-05-20T20:06:45 EDT" depends-on-methods="com.class02.HW.invalidLogin" finished-at="2020-05-20T20:06:48 EDT">
          <reporter-output>
          </reporter-output>
        </test-method> <!-- validLogin2 -->
        <test-method status="PASS" signature="quitBrowser()[pri:0, instance:com.class02.HW@50b494a6]" name="quitBrowser" is-config="true" duration-ms="644" started-at="2020-05-20T20:06:48 EDT" finished-at="2020-05-20T20:06:48 EDT">
          <reporter-output>
          </reporter-output>
        </test-method> <!-- quitBrowser -->
      </class> <!-- com.class02.HW -->
    </test> <!-- Default test -->
  </suite> <!-- Default suite -->
</testng-results>
