<?xml version="1.0" encoding="UTF-8"?>
<testng-results skipped="0" failed="0" ignored="0" total="2" passed="2">
  <reporter-output>
  </reporter-output>
  <suite name="Default suite" duration-ms="47" started-at="2020-05-19T20:07:12 EDT" finished-at="2020-05-19T20:07:12 EDT">
    <groups>
    </groups>
    <test name="Default test" duration-ms="47" started-at="2020-05-19T20:07:12 EDT" finished-at="2020-05-19T20:07:12 EDT">
      <class name="com.class01.Task2">
        <test-method status="PASS" signature="beforeClass1()[pri:0, instance:com.class01.Task2@210366b4]" name="beforeClass1" is-config="true" duration-ms="5" started-at="2020-05-19T20:07:12 EDT" finished-at="2020-05-19T20:07:12 EDT">
          <reporter-output>
          </reporter-output>
        </test-method> <!-- beforeClass1 -->
        <test-method status="PASS" signature="beforeMethod1()[pri:0, instance:com.class01.Task2@210366b4]" name="beforeMethod1" is-config="true" duration-ms="0" started-at="2020-05-19T20:07:12 EDT" finished-at="2020-05-19T20:07:12 EDT">
          <reporter-output>
          </reporter-output>
        </test-method> <!-- beforeMethod1 -->
        <test-method status="PASS" signature="test1()[pri:0, instance:com.class01.Task2@210366b4]" name="test1" duration-ms="4" started-at="2020-05-19T20:07:12 EDT" finished-at="2020-05-19T20:07:12 EDT">
          <reporter-output>
          </reporter-output>
        </test-method> <!-- test1 -->
        <test-method status="PASS" signature="afterMethod1()[pri:0, instance:com.class01.Task2@210366b4]" name="afterMethod1" is-config="true" duration-ms="0" started-at="2020-05-19T20:07:12 EDT" finished-at="2020-05-19T20:07:12 EDT">
          <reporter-output>
          </reporter-output>
        </test-method> <!-- afterMethod1 -->
        <test-method status="PASS" signature="beforeMethod1()[pri:0, instance:com.class01.Task2@210366b4]" name="beforeMethod1" is-config="true" duration-ms="0" started-at="2020-05-19T20:07:12 EDT" finished-at="2020-05-19T20:07:12 EDT">
          <reporter-output>
          </reporter-output>
        </test-method> <!-- beforeMethod1 -->
        <test-method status="PASS" signature="test2()[pri:0, instance:com.class01.Task2@210366b4]" name="test2" duration-ms="1" started-at="2020-05-19T20:07:12 EDT" finished-at="2020-05-19T20:07:12 EDT">
          <reporter-output>
          </reporter-output>
        </test-method> <!-- test2 -->
        <test-method status="PASS" signature="afterMethod1()[pri:0, instance:com.class01.Task2@210366b4]" name="afterMethod1" is-config="true" duration-ms="1" started-at="2020-05-19T20:07:12 EDT" finished-at="2020-05-19T20:07:12 EDT">
          <reporter-output>
          </reporter-output>
        </test-method> <!-- afterMethod1 -->
        <test-method status="PASS" signature="afterClass1()[pri:0, instance:com.class01.Task2@210366b4]" name="afterClass1" is-config="true" duration-ms="0" started-at="2020-05-19T20:07:12 EDT" finished-at="2020-05-19T20:07:12 EDT">
          <reporter-output>
          </reporter-output>
        </test-method> <!-- afterClass1 -->
      </class> <!-- com.class01.Task2 -->
    </test> <!-- Default test -->
  </suite> <!-- Default suite -->
</testng-results>
